#
# There is insufficient memory for the Java Runtime Environment to continue.
# Native memory allocation (malloc) failed to allocate 812336 bytes for Chunk::new
# Possible reasons:
#   The system is out of physical RAM or swap space
#   The process is running with CompressedOops enabled, and the Java Heap may be blocking the growth of the native heap
# Possible solutions:
#   Reduce memory load on the system
#   Increase physical memory or swap space
#   Check if swap backing store is full
#   Decrease Java heap size (-Xmx/-Xms)
#   Decrease number of Java threads
#   Decrease Java thread stack sizes (-Xss)
#   Set larger code cache with -XX:ReservedCodeCacheSize=
#   JVM is running with Unscaled Compressed Oops mode in which the Java heap is
#     placed in the first 4GB address space. The Java Heap base address is the
#     maximum limit for the native heap growth. Please use -XX:HeapBaseMinAddress
#     to set the Java Heap base and to place the Java Heap above 4GB virtual address.
# This output file may be truncated or incomplete.
#
#  Out of Memory Error (allocation.cpp:389), pid=8400, tid=0x0000000000002c0c
#
# JRE version: Java(TM) SE Runtime Environment (8.0_321-b07) (build 1.8.0_321-b07)
# Java VM: Java HotSpot(TM) 64-Bit Server VM (25.321-b07 mixed mode windows-amd64 compressed oops)
# Failed to write core dump. Minidumps are not enabled by default on client versions of Windows
#

---------------  T H R E A D  ---------------

Current thread (0x00000238358d5800):  JavaThread "C2 CompilerThread0" daemon [_thread_in_native, id=11276, stack(0x000000af90900000,0x000000af90a00000)]

Stack: [0x000000af90900000,0x000000af90a00000]
Native frames: (J=compiled Java code, j=interpreted, Vv=VM code, C=native code)
V  [jvm.dll+0x32fc49]
V  [jvm.dll+0x2761a2]
V  [jvm.dll+0x276e4d]
V  [jvm.dll+0x26d7f5]
V  [jvm.dll+0xd5a0c]
V  [jvm.dll+0xd620c]
V  [jvm.dll+0x4541c2]
V  [jvm.dll+0x48f27d]
V  [jvm.dll+0x443e51]
V  [jvm.dll+0x440ffb]
V  [jvm.dll+0x42becb]
V  [jvm.dll+0xac68b]
V  [jvm.dll+0xaaceb]
V  [jvm.dll+0x23e6f2]
V  [jvm.dll+0x292edc]
C  [ucrtbase.dll+0x21bb2]
C  [KERNEL32.DLL+0x17344]
C  [ntdll.dll+0x526b1]


Current CompileTask:
C2:   1766  688       4       sun.misc.URLClassPath::getResource (83 bytes)


---------------  P R O C E S S  ---------------

Java Threads: ( => current thread )
  0x000002383756c800 JavaThread "ReaderThread" [_thread_in_native, id=9828, stack(0x000000af90d00000,0x000000af90e00000)]
  0x0000023835915800 JavaThread "Service Thread" daemon [_thread_blocked, id=12848, stack(0x000000af90b00000,0x000000af90c00000)]
  0x00000238358d7800 JavaThread "C1 CompilerThread1" daemon [_thread_blocked, id=9796, stack(0x000000af90a00000,0x000000af90b00000)]
=>0x00000238358d5800 JavaThread "C2 CompilerThread0" daemon [_thread_in_native, id=11276, stack(0x000000af90900000,0x000000af90a00000)]
  0x00000238358cc000 JavaThread "Attach Listener" daemon [_thread_blocked, id=1352, stack(0x000000af90800000,0x000000af90900000)]
  0x00000238358cb000 JavaThread "Signal Dispatcher" daemon [_thread_blocked, id=2144, stack(0x000000af90700000,0x000000af90800000)]
  0x00000238358a2800 JavaThread "Finalizer" daemon [_thread_blocked, id=7784, stack(0x000000af90600000,0x000000af90700000)]
  0x0000023835897800 JavaThread "Reference Handler" daemon [_thread_blocked, id=11328, stack(0x000000af90500000,0x000000af90600000)]
  0x000002381f470800 JavaThread "main" [_thread_in_vm, id=10352, stack(0x000000af90100000,0x000000af90200000)]

Other Threads:
  0x0000023835870000 VMThread [stack: 0x000000af90400000,0x000000af90500000] [id=10944]
  0x0000023835957800 WatcherThread [stack: 0x000000af90c00000,0x000000af90d00000] [id=11428]

VM state:not at safepoint (normal execution)

VM Mutex/Monitor currently owned by a thread: None

heap address: 0x0000000080000000, size: 2048 MB, Compressed Oops mode: 32-bit
Narrow klass base: 0x0000000000000000, Narrow klass shift: 3
Compressed class space size: 1073741824 Address: 0x0000000100000000

Heap:
 PSYoungGen      total 38400K, used 27479K [0x00000000d5580000, 0x00000000d8000000, 0x0000000100000000)
  eden space 33280K, 82% used [0x00000000d5580000,0x00000000d7055c28,0x00000000d7600000)
  from space 5120K, 0% used [0x00000000d7b00000,0x00000000d7b00000,0x00000000d8000000)
  to   space 5120K, 0% used [0x00000000d7600000,0x00000000d7600000,0x00000000d7b00000)
 ParOldGen       total 87552K, used 0K [0x0000000080000000, 0x0000000085580000, 0x00000000d5580000)
  object space 87552K, 0% used [0x0000000080000000,0x0000000080000000,0x0000000085580000)
 Metaspace       used 6898K, capacity 6992K, committed 7168K, reserved 1056768K
  class space    used 974K, capacity 986K, committed 1024K, reserved 1048576K

Card table byte_map: [0x00000238301e0000,0x00000238305f0000] byte_map_base: 0x000002382fde0000

Marking Bits: (ParMarkBitMap*) 0x0000000065829030
 Begin Bits: [0x00000238308a0000, 0x00000238328a0000)
 End Bits:   [0x00000238328a0000, 0x00000238348a0000)

Polling page: 0x000002381f510000

CodeCache: size=245760Kb used=3218Kb max_used=3218Kb free=242541Kb
 bounds [0x0000023820e20000, 0x0000023821150000, 0x000002382fe20000]
 total_blobs=1009 nmethods=731 adapters=191
 compilation: enabled

Compilation events (10 events):
Event: 1.641 Thread 0x00000238358d7800  686       3       java.util.regex.Pattern::compile (406 bytes)
Event: 1.643 Thread 0x00000238358d7800 nmethod 686 0x00000238211293d0 code [0x0000023821129780, 0x000002382112b9d0]
Event: 1.645 Thread 0x00000238358d7800  687       3       java.util.TreeMap::leftOf (13 bytes)
Event: 1.645 Thread 0x00000238358d7800 nmethod 687 0x000002382111e010 code [0x000002382111e160, 0x000002382111e2f8]
Event: 1.653 Thread 0x00000238358d5800 nmethod 685 0x000002382112ef10 code [0x000002382112f120, 0x00000238211300e0]
Event: 1.653 Thread 0x00000238358d5800  688       4       sun.misc.URLClassPath::getResource (83 bytes)
Event: 1.688 Thread 0x00000238358d7800  689 %     3       java.util.Properties$LineReader::readLine @ 21 (468 bytes)
Event: 1.691 Thread 0x00000238358d7800 nmethod 689% 0x0000023821131010 code [0x00000238211312c0, 0x0000023821132df0]
Event: 1.691 Thread 0x00000238358d7800  690       3       java.util.Properties$LineReader::readLine (468 bytes)
Event: 1.692 Thread 0x00000238358d7800 nmethod 690 0x000002382112c7d0 code [0x000002382112ca80, 0x000002382112e430]

GC Heap History (0 events):
No events

Deoptimization events (9 events):
Event: 0.707 Thread 0x000002381f470800 Uncommon trap: reason=unstable_if action=reinterpret pc=0x0000023820f505a4 method=java.lang.String.indexOf(II)I @ 49
Event: 0.806 Thread 0x000002381f470800 Uncommon trap: reason=unstable_if action=reinterpret pc=0x0000023820f97e20 method=java.io.WinNTFileSystem.normalize(Ljava/lang/String;II)Ljava/lang/String; @ 90
Event: 0.818 Thread 0x000002381f470800 Uncommon trap: reason=unstable_if action=reinterpret pc=0x0000023820f3cbe0 method=java.lang.String.hashCode()I @ 14
Event: 1.138 Thread 0x000002381f470800 Uncommon trap: reason=unstable_if action=reinterpret pc=0x00000238210259d4 method=sun.misc.URLClassPath.getLoader(I)Lsun/misc/URLClassPath$Loader; @ 36
Event: 1.138 Thread 0x000002381f470800 Uncommon trap: reason=unstable_if action=reinterpret pc=0x00000238210216dc method=sun.misc.URLClassPath.getLoader(I)Lsun/misc/URLClassPath$Loader; @ 36
Event: 1.138 Thread 0x000002381f470800 Uncommon trap: reason=unstable_if action=reinterpret pc=0x000002382103afb0 method=sun.misc.MetaIndex.mayContain(Ljava/lang/String;)Z @ 13
Event: 1.322 Thread 0x000002381f470800 Uncommon trap: reason=unstable_if action=reinterpret pc=0x00000238210798b8 method=sun.net.www.ParseUtil.encodePath(Ljava/lang/String;Z)Ljava/lang/String; @ 81
Event: 1.323 Thread 0x000002381f470800 Uncommon trap: reason=unstable_if action=reinterpret pc=0x0000023820fb3c98 method=sun.nio.cs.UTF_8$Encoder.encode([CII[B)I @ 33
Event: 1.487 Thread 0x000002381f470800 Uncommon trap: reason=unstable_if action=reinterpret pc=0x00000238210cebac method=java.io.WinNTFileSystem.normalize(Ljava/lang/String;)Ljava/lang/String; @ 128

Classes redefined (0 events):
No events

Internal exceptions (10 events):
Event: 0.781 Thread 0x000002381f470800 Exception <a 'java/security/PrivilegedActionException'> (0x00000000d597dad8) thrown at [C:\jenkins\workspace\8-2-build-windows-amd64-cygwin\jdk8u321\2141\hotspot\src\share\vm\prims\jvm.cpp, line 1523]
Event: 0.781 Thread 0x000002381f470800 Exception <a 'java/security/PrivilegedActionException'> (0x00000000d597dce8) thrown at [C:\jenkins\workspace\8-2-build-windows-amd64-cygwin\jdk8u321\2141\hotspot\src\share\vm\prims\jvm.cpp, line 1523]
Event: 1.138 Thread 0x000002381f470800 Exception <a 'java/security/PrivilegedActionException'> (0x00000000d5f4efb0) thrown at [C:\jenkins\workspace\8-2-build-windows-amd64-cygwin\jdk8u321\2141\hotspot\src\share\vm\prims\jvm.cpp, line 1523]
Event: 1.138 Thread 0x000002381f470800 Exception <a 'java/security/PrivilegedActionException'> (0x00000000d5f4f3a8) thrown at [C:\jenkins\workspace\8-2-build-windows-amd64-cygwin\jdk8u321\2141\hotspot\src\share\vm\prims\jvm.cpp, line 1523]
Event: 1.139 Thread 0x000002381f470800 Exception <a 'java/security/PrivilegedActionException'> (0x00000000d5f53688) thrown at [C:\jenkins\workspace\8-2-build-windows-amd64-cygwin\jdk8u321\2141\hotspot\src\share\vm\prims\jvm.cpp, line 1523]
Event: 1.139 Thread 0x000002381f470800 Exception <a 'java/security/PrivilegedActionException'> (0x00000000d5f53a80) thrown at [C:\jenkins\workspace\8-2-build-windows-amd64-cygwin\jdk8u321\2141\hotspot\src\share\vm\prims\jvm.cpp, line 1523]
Event: 1.213 Thread 0x000002381f470800 Exception <a 'java/lang/NoClassDefFoundError': cucumber/runtime/java/ObjectFactory> (0x00000000d60ebdc0) thrown at [C:\jenkins\workspace\8-2-build-windows-amd64-cygwin\jdk8u321\2141\hotspot\src\share\vm\classfile\systemDictionary.cpp, line 201]
Event: 1.214 Thread 0x000002381f470800 Exception <a 'java/lang/NoClassDefFoundError'> (0x00000000d60ebdc0) thrown at [C:\jenkins\workspace\8-2-build-windows-amd64-cygwin\jdk8u321\2141\hotspot\src\share\vm\prims\jvm.cpp, line 1527]
Event: 1.477 Thread 0x000002381f470800 Exception <a 'java/lang/NoClassDefFoundError': cucumber/runtime/java/ObjectFactory> (0x00000000d6b1c550) thrown at [C:\jenkins\workspace\8-2-build-windows-amd64-cygwin\jdk8u321\2141\hotspot\src\share\vm\classfile\systemDictionary.cpp, line 201]
Event: 1.477 Thread 0x000002381f470800 Exception <a 'java/lang/NoClassDefFoundError'> (0x00000000d6b1c550) thrown at [C:\jenkins\workspace\8-2-build-windows-amd64-cygwin\jdk8u321\2141\hotspot\src\share\vm\prims\jvm.cpp, line 1527]

Events (10 events):
Event: 1.658 loading class java/security/NoSuchAlgorithmException done
Event: 1.659 loading class java/security/MessageDigest
Event: 1.660 loading class java/security/MessageDigestSpi
Event: 1.660 loading class java/security/MessageDigestSpi done
Event: 1.660 loading class java/security/MessageDigest done
Event: 1.660 loading class java/security/Security
Event: 1.662 loading class java/security/Security done
Event: 1.662 loading class java/security/Security$1
Event: 1.662 loading class java/security/Security$1 done
Event: 1.692 loading class sun/security/jca/GetInstance


Dynamic libraries:
0x00007ff768500000 - 0x00007ff768547000 	C:\Program Files\Java\jdk1.8.0_321\bin\javaw.exe
0x00007ffefa5f0000 - 0x00007ffefa7e8000 	C:\Windows\SYSTEM32\ntdll.dll
0x00007ffef9380000 - 0x00007ffef943d000 	C:\Windows\System32\KERNEL32.DLL
0x00007ffef7cd0000 - 0x00007ffef7fc6000 	C:\Windows\System32\KERNELBASE.dll
0x00007ffefa120000 - 0x00007ffefa1ce000 	C:\Windows\System32\ADVAPI32.dll
0x00007ffef8cc0000 - 0x00007ffef8d5e000 	C:\Windows\System32\msvcrt.dll
0x00007ffef9010000 - 0x00007ffef90ac000 	C:\Windows\System32\sechost.dll
0x00007ffef9250000 - 0x00007ffef9376000 	C:\Windows\System32\RPCRT4.dll
0x00007ffef9f80000 - 0x00007ffefa11e000 	C:\Windows\System32\USER32.dll
0x00007ffef8020000 - 0x00007ffef8042000 	C:\Windows\System32\win32u.dll
0x00007ffef9f50000 - 0x00007ffef9f7c000 	C:\Windows\System32\GDI32.dll
0x00007ffef8530000 - 0x00007ffef864a000 	C:\Windows\System32\gdi32full.dll
0x00007ffef80c0000 - 0x00007ffef815d000 	C:\Windows\System32\msvcp_win.dll
0x00007ffef81f0000 - 0x00007ffef82f0000 	C:\Windows\System32\ucrtbase.dll
0x00007ffef5bf0000 - 0x00007ffef5e8a000 	C:\Windows\WinSxS\amd64_microsoft.windows.common-controls_6595b64144ccf1df_6.0.19041.1110_none_60b5254171f9507e\COMCTL32.dll
0x00007ffefa3d0000 - 0x00007ffefa400000 	C:\Windows\System32\IMM32.DLL
0x00007ffed0d50000 - 0x00007ffed0e25000 	C:\Program Files\Windows Event Reporting\Core\EventReporting.ApplicationFilter.Monitor.Win64.dll
0x00007ffef8d60000 - 0x00007ffef8e8a000 	C:\Windows\System32\ole32.dll
0x00007ffef9bf0000 - 0x00007ffef9f44000 	C:\Windows\System32\combase.dll
0x00007ffef83a0000 - 0x00007ffef83c7000 	C:\Windows\System32\bcrypt.dll
0x00007ffeec7a0000 - 0x00007ffeec83d000 	C:\Windows\SYSTEM32\WINSPOOL.DRV
0x00007ffef9180000 - 0x00007ffef922d000 	C:\Windows\System32\shcore.dll
0x00007ffef8160000 - 0x00007ffef81e2000 	C:\Windows\System32\bcryptprimitives.dll
0x00007ffef66d0000 - 0x00007ffef6703000 	C:\Windows\SYSTEM32\ntmarta.dll
0x000002381f540000 - 0x000002381f554000 	C:\Windows\System32\umppc17706.dll
0x00007ffef7ad0000 - 0x00007ffef7b08000 	C:\Program Files\Citrix\System32\MfApHook64.dll
0x00007ffef7a00000 - 0x00007ffef7a12000 	C:\Program Files\Citrix\IcaService\FullScreenHook64.dll
0x00007ffef7950000 - 0x00007ffef79de000 	C:\Windows\SYSTEM32\MSVCP140.dll
0x00007ffee97a0000 - 0x00007ffee97b5000 	C:\Program Files\Java\jdk1.8.0_321\bin\VCRUNTIME140.dll
0x00007ffef7940000 - 0x00007ffef794c000 	C:\Windows\SYSTEM32\VCRUNTIME140_1.dll
0x00007ffef74d0000 - 0x00007ffef74fa000 	C:\Program Files\Citrix\ICAService\ShellHook64.dll
0x00007ffef8ac0000 - 0x00007ffef8b15000 	C:\Windows\System32\SHLWAPI.dll
0x00007ffef73a0000 - 0x00007ffef74af000 	C:\Program Files\Citrix\IcaService\SCardHook64.dll
0x00007ffef7300000 - 0x00007ffef7320000 	C:\Program Files\Citrix\ICAService\cxinjime64.dll
0x00007ffef72d0000 - 0x00007ffef72fc000 	C:\Program Files\Citrix\ICAService\PicaWtsHook64.dll
0x00007ffee9550000 - 0x00007ffee9565000 	C:\Program Files\Java\jdk1.8.0_321\jre\bin\vcruntime140.dll
0x00007ffec6a80000 - 0x00007ffec6b1b000 	C:\Program Files\Java\jdk1.8.0_321\jre\bin\msvcp140.dll
0x0000000065040000 - 0x00000000658a1000 	C:\Program Files\Java\jdk1.8.0_321\jre\bin\server\jvm.dll
0x00007ffef8b30000 - 0x00007ffef8b38000 	C:\Windows\System32\PSAPI.DLL
0x00007ffedebc0000 - 0x00007ffedebc9000 	C:\Windows\SYSTEM32\WSOCK32.dll
0x00007ffefa2b0000 - 0x00007ffefa31b000 	C:\Windows\System32\WS2_32.dll
0x00007ffeec540000 - 0x00007ffeec567000 	C:\Windows\SYSTEM32\WINMM.dll
0x00007ffef78b0000 - 0x00007ffef78ba000 	C:\Windows\SYSTEM32\VERSION.dll
0x00007ffef5bd0000 - 0x00007ffef5be2000 	C:\Windows\SYSTEM32\kernel.appcore.dll
0x00007ffeeecd0000 - 0x00007ffeeece0000 	C:\Program Files\Java\jdk1.8.0_321\jre\bin\verify.dll
0x00007ffed51f0000 - 0x00007ffed521b000 	C:\Program Files\Java\jdk1.8.0_321\jre\bin\java.dll
0x00007ffee7830000 - 0x00007ffee7848000 	C:\Program Files\Java\jdk1.8.0_321\jre\bin\zip.dll
0x0000023836340000 - 0x0000023836a85000 	C:\Windows\System32\SHELL32.dll
0x00007ffef42f0000 - 0x00007ffef4a8b000 	C:\Windows\SYSTEM32\windows.storage.dll
0x00007ffef6f80000 - 0x00007ffef6fae000 	C:\Windows\SYSTEM32\Wldp.dll
0x00007ffef7c00000 - 0x00007ffef7c25000 	C:\Windows\SYSTEM32\profapi.dll
0x00007ffed51d0000 - 0x00007ffed51ec000 	C:\Program Files\Java\jdk1.8.0_321\jre\bin\net.dll
0x00007ffef6c90000 - 0x00007ffef6cfa000 	C:\Windows\system32\mswsock.dll
0x00007ffef53f0000 - 0x00007ffef55d4000 	C:\Windows\SYSTEM32\dbghelp.dll

VM Arguments:
jvm_args: -ea -Dfile.encoding=Cp1252 
java_command: org.eclipse.jdt.internal.junit.runner.RemoteTestRunner -version 3 -port 56662 -testLoaderClass org.eclipse.jdt.internal.junit4.runner.JUnit4TestLoader -loaderpluginname org.eclipse.jdt.junit4.runtime -classNames online.TestRunner.Runner
java_class_path (initial): C:\MM\Provenir_Automation_Working\DT_Online\target\test-classes;C:\MM\Provenir_Automation_Working\DT_Online\target\classes;C:\Users\91223\.m2\repository\info\cukes\cucumber-java\1.2.5\cucumber-java-1.2.5.jar;C:\Users\91223\.m2\repository\info\cukes\cucumber-core\1.2.5\cucumber-core-1.2.5.jar;C:\Users\91223\.m2\repository\commons-io\commons-io\2.11.0\commons-io-2.11.0.jar;C:\Users\91223\.m2\repository\org\apache\servicemix\bundles\org.apache.servicemix.bundles.poi\4.1.2_1\org.apache.servicemix.bundles.poi-4.1.2_1.jar;C:\Users\91223\.m2\repository\com\github\virtuald\curvesapi\1.05\curvesapi-1.05.jar;C:\Users\91223\.m2\repository\com\github\virtuald\curvesapi\1.05\curvesapi-1.05-sources.jar;C:\Users\91223\.m2\repository\org\apache\xmlbeans\xmlbeans\3.0.2\xmlbeans-3.0.2.jar;C:\Users\91223\.m2\repository\org\apache\commons\commons-collections4\4.4\commons-collections4-4.4.jar;C:\Users\91223\.m2\repository\org\apache\commons\commons-compress\1.20\commons-compress-1.20.jar;C:\Users\91223\.m2\repository\com\microsoft\sqlserver\mssql-jdbc\10.2.0.jre8\mssql-jdbc-10.2.0.jre8.jar;C:\Users\91223\.m2\repository\net\sourceforge\jtds\jtds\1.3.1\jtds-1.3.1.jar;C:\Users\91223\.m2\repository\junit\junit\4.13.2\junit-4.13.2.jar;C:\Users\91223\.m2\repository\org\hamcrest\hamcrest-core\1.3\hamcrest-core-1.3.jar;C:\Users\91223\.m2\repository\info\cukes\cucumber-junit\1.2.5\cucumber-junit-1.2.5.jar;C:\Users\91223\.m2\repository\org\influxdb\influxdb-java\2.12\influxdb-java-2.12.jar;C:\Users\91223\.m2\repository\com\squareup\retrofit2\retrofit\2.4.0\retrofit-2.4.0.jar;C:\Users\91223\.m2\repository\com\squareup\retrofit2\converter-moshi\2.4.0\converter-moshi-2.4.0.jar;C:\Users\91223\.m2\repository\com\squareup\moshi\moshi\1.5.0\moshi-1.5.0.jar;C:\Users\91223\.m2\repository\org\msgpack\msgpack-core\0.8.16\msgpack-core-0.8.16.jar;C:\Users\91223\.m2\repository\com\squareup\okhttp3\okhttp\3.11.0\okhttp-3.11.0.jar;C:\Users\91223\.m2\repository\com\squareup\okio\okio\
Launcher Type: SUN_STANDARD

Environment Variables:
JAVA_HOME=C:\Program Files\Java\jdk1.8.0_321
PATH=C:/softwares/eclipse//plugins/org.eclipse.justj.openjdk.hotspot.jre.full.win32.x86_64_17.0.2.v20220201-1208/jre/bin/server;C:/softwares/eclipse//plugins/org.eclipse.justj.openjdk.hotspot.jre.full.win32.x86_64_17.0.2.v20220201-1208/jre/bin;C:\Program Files\Common Files\Oracle\Java\javapath;C:\Program Files (x86)\Common Files\Oracle\Java\javapath;C:\Python310\Scripts\;C:\Python310\;C:\Windows\system32;C:\Windows;C:\Windows\System32\Wbem;C:\Windows\System32\WindowsPowerShell\v1.0\;C:\Windows\System32\OpenSSH\;C:\Program Files\Citrix\System32\;C:\Program Files\Citrix\ICAService\;C:\Program Files\nodejs\;C:\ProgramData\chocolatey\bin;C:\Program Files\Android\Android Studio\bin;C:\Program Files (x86)\Microsoft SQL Server\150\DTS\Binn\;C:\Users\91151\AppData\Local\Android\Sdk\platform-tools;C:\Users\91151\AppData\Local\Android\Sdk\tools;C:\Users\91151\AppData\Local\Android\Sdk\tools\bin;C:\Program Files\Java\jdk1.8.0_321\bin;C:\Program Files\Git\cmd;C:\softwares\apache-maven-3.8.5\bin;C:\Program Files (x86)\Microsoft SQL Server\160\DTS\Binn\;C:\Program Files\Azure Data Studio\bin;C:\Users\91223\AppData\Local\Microsoft\WindowsApps;;C:\Program Files\Azure Data Studio\bin;C:\softwares\eclipse;
USERNAME=91223
OS=Windows_NT
PROCESSOR_IDENTIFIER=Intel64 Family 6 Model 85 Stepping 7, GenuineIntel



---------------  S Y S T E M  ---------------

OS: Windows 10 , 64 bit Build 19041 (10.0.19041.3393)

CPU:total 2 (initial active 2) (2 cores per cpu, 1 threads per core) family 6 model 85 stepping 7, cmov, cx8, fxsr, mmx, sse, sse2, sse3, ssse3, sse4.1, sse4.2, popcnt, avx, avx2, aes, clmul, erms, 3dnowpref, lzcnt, tsc, tscinvbit, bmi1, bmi2, adx

Memory: 4k page, physical 8387616k(88788k free), swap 9697948k(4348k free)

vm_info: Java HotSpot(TM) 64-Bit Server VM (25.321-b07) for windows-amd64 JRE (1.8.0_321-b07), built on Dec 15 2021 11:19:20 by "java_re" with MS VC++ 15.9 (VS2017)

time: Tue Jan 16 18:31:18 2024
timezone: India Standard Time
elapsed time: 1.774980 seconds (0d 0h 0m 1s)

